<?xml version="1.0" encoding="UTF-8"?>
<testsuite name="TestsRudeBST" tests="2" skipped="0" failures="0" errors="0" timestamp="2024-05-24T01:42:28" hostname="LAPTOP-4GT1SVLV" time="10.503">
  <properties/>
  <testcase name="one thread test()" classname="TestsRudeBST" time="0.066"/>
  <testcase name="parallel test()" classname="TestsRudeBST" time="10.436"/>
  <system-out><![CDATA[]]></system-out>
  <system-err><![CDATA[]]></system-err>
</testsuite>
