<?xml version="1.0" encoding="UTF-8"?>
<testsuite name="TestsThinBST" tests="2" skipped="0" failures="0" errors="0" timestamp="2024-05-31T00:15:25" hostname="LAPTOP-4GT1SVLV" time="9.445">
  <properties/>
  <testcase name="one thread test()" classname="TestsThinBST" time="0.1"/>
  <testcase name="parallel test()" classname="TestsThinBST" time="9.343"/>
  <system-out><![CDATA[41
88
21
51
34
32
97
29
99
50
37
44
89
93
78
91
7
67
74
2
33
60
1
54
65
94
72
70
76
85
30
90
17
61
57
53
58
39
25
14
22
84
15
52
95
86
4
69
64
9
11
28
77
70
36
50
93
85
100
88
64
20
81
73
91
83
84
46
9
22
78
6
1
94
53
76
97
54
90
98
86
4
96
25
5
87
60
16
82
44
40
80
67
32
8
15
2
23
63
37
]]></system-out>
  <system-err><![CDATA[]]></system-err>
</testsuite>
