<?xml version="1.0" encoding="UTF-8"?>
<testsuite name="TestsRudeBST" tests="2" skipped="0" failures="0" errors="0" timestamp="2024-05-31T07:48:12" hostname="LAPTOP-4GT1SVLV" time="46.849">
  <properties/>
  <testcase name="one thread test()" classname="TestsRudeBST" time="0.112"/>
  <testcase name="parallel test()" classname="TestsRudeBST" time="46.737"/>
  <system-out><![CDATA[]]></system-out>
  <system-err><![CDATA[]]></system-err>
</testsuite>
