<?xml version="1.0" encoding="UTF-8"?>
<testsuite name="TestsThinBST" tests="2" skipped="0" failures="0" errors="0" timestamp="2024-05-31T07:20:24" hostname="LAPTOP-4GT1SVLV" time="9.478">
  <properties/>
  <testcase name="one thread test()" classname="TestsThinBST" time="0.116"/>
  <testcase name="parallel test()" classname="TestsThinBST" time="9.36"/>
  <system-out><![CDATA[95
21
8
41
76
30
65
77
33
87
73
40
5
80
90
14
35
47
64
27
53
49
86
71
11
45
3
97
88
67
26
18
13
20
61
55
48
32
66
96
19
99
52
34
46
23
92
100
7
42
83
1
0
93
2
82
39
28
69
10
56
36
57
17
37
22
12
68
81
6
72
25
43
63
85
38
70
9
50
75
98
84
24
58
78
31
29
62
59
4
91
54
44
16
60
79
15
94
74
89
81
2
97
74
38
61
31
10
92
51
66
100
16
20
80
96
70
30
5
6
32
52
4
95
72
99
50
78
89
45
15
58
79
75
39
88
46
40
12
11
94
17
65
28
77
67
25
13
0
64
3
34
91
59
98
19
44
83
60
71
62
55
27
90
22
8
41
86
21
1
43
26
63
7
85
47
24
56
54
57
42
9
53
37
87
29
68
76
35
69
48
93
84
23
36
18
73
33
49
82
]]></system-out>
  <system-err><![CDATA[]]></system-err>
</testsuite>
