<?xml version="1.0" encoding="UTF-8"?>
<testsuite name="TestsThinBST" tests="2" skipped="0" failures="0" errors="0" timestamp="2024-05-24T01:42:38" hostname="LAPTOP-4GT1SVLV" time="10.893">
  <properties/>
  <testcase name="one thread test()" classname="TestsThinBST" time="0.203"/>
  <testcase name="parallel test()" classname="TestsThinBST" time="10.689"/>
  <system-out><![CDATA[]]></system-out>
  <system-err><![CDATA[]]></system-err>
</testsuite>
